<?xml version="1.0" encoding="UTF-8"?>
<!-- Generated by org.testng.reporters.JUnitXMLReporter -->
<testsuite ignored="0" hostname="LAPTOP-ARIMQBTN" failures="1" tests="1" name="LoginTests" time="6.908" errors="0" timestamp="2025-04-10T20:40:20 IST">
  <testcase classname="tests.LoginTest" name="validLogin" time="0.887">
    <failure type="java.lang.AssertionError" message="Page title does not contain the expected substring. expected [true] but found [false]">
      <![CDATA[java.lang.AssertionError: Page title does not contain the expected substring. expected [true] but found [false]
at tests.LoginTest.validLogin(LoginTest.java:78)
at java.base/java.util.ArrayList.forEach(ArrayList.java:1596)
... Removed 28 stack frames]]>
    </failure>
  </testcase> <!-- validLogin -->
</testsuite> <!-- LoginTests -->
